Determining if the pthread_create exist failed with the following output:
Change Dir: /home/zhai/catkin_ws/build/CMakeFiles/CMakeTmp

Run Build Command:"/usr/bin/make" "cmTC_124aa/fast"
/usr/bin/make -f CMakeFiles/cmTC_124aa.dir/build.make CMakeFiles/cmTC_124aa.dir/build
make[1]: Entering directory '/home/zhai/catkin_ws/build/CMakeFiles/CMakeTmp'
Building C object CMakeFiles/cmTC_124aa.dir/CheckSymbolExists.c.o
/usr/bin/cc     -o CMakeFiles/cmTC_124aa.dir/CheckSymbolExists.c.o   -c /home/zhai/catkin_ws/build/CMakeFiles/CMakeTmp/CheckSymbolExists.c
Linking C executable cmTC_124aa
/usr/bin/cmake -E cmake_link_script CMakeFiles/cmTC_124aa.dir/link.txt --verbose=1
/usr/bin/cc       CMakeFiles/cmTC_124aa.dir/CheckSymbolExists.c.o  -o cmTC_124aa -rdynamic 
CMakeFiles/cmTC_124aa.dir/CheckSymbolExists.c.o：在函数‘main’中：
CheckSymbolExists.c:(.text+0x16)：对‘pthread_create’未定义的引用
collect2: error: ld returned 1 exit status
CMakeFiles/cmTC_124aa.dir/build.make:97: recipe for target 'cmTC_124aa' failed
make[1]: *** [cmTC_124aa] Error 1
make[1]: Leaving directory '/home/zhai/catkin_ws/build/CMakeFiles/CMakeTmp'
Makefile:126: recipe for target 'cmTC_124aa/fast' failed
make: *** [cmTC_124aa/fast] Error 2

File /home/zhai/catkin_ws/build/CMakeFiles/CMakeTmp/CheckSymbolExists.c:
/* */
#include <pthread.h>

int main(int argc, char** argv)
{
  (void)argv;
#ifndef pthread_create
  return ((int*)(&pthread_create))[argc];
#else
  (void)argc;
  return 0;
#endif
}

Determining if the function pthread_create exists in the pthreads failed with the following output:
Change Dir: /home/zhai/catkin_ws/build/CMakeFiles/CMakeTmp

Run Build Command:"/usr/bin/make" "cmTC_4a294/fast"
/usr/bin/make -f CMakeFiles/cmTC_4a294.dir/build.make CMakeFiles/cmTC_4a294.dir/build
make[1]: Entering directory '/home/zhai/catkin_ws/build/CMakeFiles/CMakeTmp'
Building C object CMakeFiles/cmTC_4a294.dir/CheckFunctionExists.c.o
/usr/bin/cc    -DCHECK_FUNCTION_EXISTS=pthread_create   -o CMakeFiles/cmTC_4a294.dir/CheckFunctionExists.c.o   -c /usr/share/cmake-3.5/Modules/CheckFunctionExists.c
Linking C executable cmTC_4a294
/usr/bin/cmake -E cmake_link_script CMakeFiles/cmTC_4a294.dir/link.txt --verbose=1
/usr/bin/cc   -DCHECK_FUNCTION_EXISTS=pthread_create    CMakeFiles/cmTC_4a294.dir/CheckFunctionExists.c.o  -o cmTC_4a294 -rdynamic -lpthreads 
/usr/bin/ld: 找不到 -lpthreads
collect2: error: ld returned 1 exit status
CMakeFiles/cmTC_4a294.dir/build.make:97: recipe for target 'cmTC_4a294' failed
make[1]: *** [cmTC_4a294] Error 1
make[1]: Leaving directory '/home/zhai/catkin_ws/build/CMakeFiles/CMakeTmp'
Makefile:126: recipe for target 'cmTC_4a294/fast' failed
make: *** [cmTC_4a294/fast] Error 2


